{"/home/matheo/Portfolio_V2/app/layout.tsx": {"path":"/home/matheo/Portfolio_V2/app/layout.tsx","statementMap":{"0":{"start":{"line":32,"column":24},"end":{"line":32,"column":35}},"1":{"start":{"line":23,"column":13},"end":{"line":23,"column":21}},"2":{"start":{"line":3,"column":26},"end":{"line":3,"column":null}},"3":{"start":{"line":4,"column":26},"end":{"line":4,"column":null}},"4":{"start":{"line":5,"column":38},"end":{"line":5,"column":null}},"5":{"start":{"line":6,"column":30},"end":{"line":6,"column":null}},"6":{"start":{"line":7,"column":7},"end":{"line":7,"column":null}},"7":{"start":{"line":9,"column":19},"end":{"line":14,"column":null}},"8":{"start":{"line":16,"column":17},"end":{"line":21,"column":null}},"9":{"start":{"line":23,"column":34},"end":{"line":30,"column":null}}},"fnMap":{"0":{"name":"RootLayout","decl":{"start":{"line":32,"column":24},"end":{"line":32,"column":35}},"loc":{"start":{"line":36,"column":2},"end":{"line":48,"column":1}}}},"branchMap":{},"s":{"0":0,"1":0,"2":0,"3":0,"4":0,"5":0,"6":0,"7":0,"8":0,"9":0},"f":{"0":0},"b":{}}
,"/home/matheo/Portfolio_V2/app/page.tsx": {"path":"/home/matheo/Portfolio_V2/app/page.tsx","statementMap":{"0":{"start":{"line":32,"column":24},"end":{"line":32,"column":null}},"1":{"start":{"line":3,"column":22},"end":{"line":3,"column":null}},"2":{"start":{"line":4,"column":23},"end":{"line":4,"column":null}},"3":{"start":{"line":5,"column":74},"end":{"line":5,"column":null}},"4":{"start":{"line":6,"column":18},"end":{"line":6,"column":null}},"5":{"start":{"line":7,"column":17},"end":{"line":7,"column":null}},"6":{"start":{"line":8,"column":25},"end":{"line":8,"column":null}},"7":{"start":{"line":24,"column":7},"end":{"line":24,"column":null}},"8":{"start":{"line":25,"column":28},"end":{"line":25,"column":null}},"9":{"start":{"line":26,"column":30},"end":{"line":26,"column":null}},"10":{"start":{"line":27,"column":30},"end":{"line":27,"column":null}},"11":{"start":{"line":28,"column":35},"end":{"line":28,"column":null}},"12":{"start":{"line":29,"column":32},"end":{"line":29,"column":null}},"13":{"start":{"line":30,"column":29},"end":{"line":30,"column":null}},"14":{"start":{"line":33,"column":40},"end":{"line":33,"column":null}},"15":{"start":{"line":34,"column":40},"end":{"line":34,"column":null}},"16":{"start":{"line":35,"column":48},"end":{"line":38,"column":null}},"17":{"start":{"line":40,"column":24},"end":{"line":67,"column":null}},"18":{"start":{"line":69,"column":22},"end":{"line":75,"column":null}},"19":{"start":{"line":70,"column":4},"end":{"line":73,"column":null}},"20":{"start":{"line":74,"column":4},"end":{"line":74,"column":null}},"21":{"start":{"line":84,"column":61},"end":{"line":84,"column":null}},"22":{"start":{"line":280,"column":14},"end":{"line":281,"column":null}},"23":{"start":{"line":299,"column":22},"end":{"line":300,"column":null}},"24":{"start":{"line":485,"column":14},"end":{"line":486,"column":null}},"25":{"start":{"line":511,"column":22},"end":{"line":512,"column":null}},"26":{"start":{"line":568,"column":14},"end":{"line":569,"column":null}},"27":{"start":{"line":592,"column":22},"end":{"line":593,"column":null}},"28":{"start":{"line":632,"column":14},"end":{"line":633,"column":null}},"29":{"start":{"line":695,"column":14},"end":{"line":696,"column":null}},"30":{"start":{"line":699,"column":31},"end":{"line":699,"column":null}},"31":{"start":{"line":766,"column":25},"end":{"line":766,"column":null}}},"fnMap":{"0":{"name":"DevOpsPortfolio","decl":{"start":{"line":32,"column":24},"end":{"line":32,"column":null}},"loc":{"start":{"line":32,"column":24},"end":{"line":783,"column":null}}},"1":{"name":"(anonymous_3)","decl":{"start":{"line":69,"column":22},"end":{"line":69,"column":23}},"loc":{"start":{"line":69,"column":65},"end":{"line":75,"column":null}}},"2":{"name":"(anonymous_4)","decl":{"start":{"line":84,"column":55},"end":{"line":84,"column":61}},"loc":{"start":{"line":84,"column":61},"end":{"line":84,"column":null}}},"3":{"name":"(anonymous_5)","decl":{"start":{"line":279,"column":18},"end":{"line":279,"column":19}},"loc":{"start":{"line":280,"column":14},"end":{"line":281,"column":null}}},"4":{"name":"(anonymous_6)","decl":{"start":{"line":298,"column":41},"end":{"line":298,"column":42}},"loc":{"start":{"line":299,"column":22},"end":{"line":300,"column":null}}},"5":{"name":"(anonymous_7)","decl":{"start":{"line":484,"column":18},"end":{"line":484,"column":19}},"loc":{"start":{"line":485,"column":14},"end":{"line":486,"column":null}}},"6":{"name":"(anonymous_8)","decl":{"start":{"line":510,"column":38},"end":{"line":510,"column":39}},"loc":{"start":{"line":511,"column":22},"end":{"line":512,"column":null}}},"7":{"name":"(anonymous_9)","decl":{"start":{"line":567,"column":18},"end":{"line":567,"column":19}},"loc":{"start":{"line":568,"column":14},"end":{"line":569,"column":null}}},"8":{"name":"(anonymous_10)","decl":{"start":{"line":591,"column":42},"end":{"line":591,"column":43}},"loc":{"start":{"line":592,"column":22},"end":{"line":593,"column":null}}},"9":{"name":"(anonymous_11)","decl":{"start":{"line":631,"column":18},"end":{"line":631,"column":19}},"loc":{"start":{"line":632,"column":14},"end":{"line":633,"column":null}}},"10":{"name":"(anonymous_12)","decl":{"start":{"line":694,"column":18},"end":{"line":694,"column":19}},"loc":{"start":{"line":695,"column":14},"end":{"line":696,"column":null}}},"11":{"name":"(anonymous_13)","decl":{"start":{"line":699,"column":25},"end":{"line":699,"column":31}},"loc":{"start":{"line":699,"column":31},"end":{"line":699,"column":null}}},"12":{"name":"(anonymous_14)","decl":{"start":{"line":766,"column":19},"end":{"line":766,"column":25}},"loc":{"start":{"line":766,"column":25},"end":{"line":766,"column":null}}}},"branchMap":{"0":{"loc":{"start":{"line":89,"column":7},"end":{"line":89,"column":null}},"type":"binary-expr","locations":[{"start":{"line":89,"column":7},"end":{"line":89,"column":22}},{"start":{"line":89,"column":22},"end":{"line":89,"column":null}}]},"1":{"loc":{"start":{"line":497,"column":27},"end":{"line":497,"column":null}},"type":"cond-expr","locations":[{"start":{"line":497,"column":52},"end":{"line":497,"column":97}},{"start":{"line":497,"column":97},"end":{"line":497,"column":null}}]},"2":{"loc":{"start":{"line":763,"column":7},"end":{"line":763,"column":null}},"type":"binary-expr","locations":[{"start":{"line":763,"column":7},"end":{"line":763,"column":null}}]}},"s":{"0":1,"1":1,"2":1,"3":1,"4":1,"5":1,"6":1,"7":1,"8":1,"9":1,"10":1,"11":1,"12":1,"13":1,"14":1,"15":1,"16":1,"17":1,"18":1,"19":0,"20":0,"21":0,"22":6,"23":41,"24":10,"25":78,"26":2,"27":7,"28":3,"29":3,"30":0,"31":0},"f":{"0":1,"1":0,"2":0,"3":6,"4":41,"5":10,"6":78,"7":2,"8":7,"9":3,"10":3,"11":0,"12":0},"b":{"0":[1,1],"1":[1,9],"2":[1]}}
,"/home/matheo/Portfolio_V2/app/cv/page.tsx": {"path":"/home/matheo/Portfolio_V2/app/cv/page.tsx","statementMap":{"0":{"start":{"line":25,"column":24},"end":{"line":25,"column":null}},"1":{"start":{"line":3,"column":22},"end":{"line":3,"column":null}},"2":{"start":{"line":4,"column":23},"end":{"line":4,"column":null}},"3":{"start":{"line":5,"column":74},"end":{"line":5,"column":null}},"4":{"start":{"line":6,"column":17},"end":{"line":6,"column":null}},"5":{"start":{"line":20,"column":7},"end":{"line":20,"column":null}},"6":{"start":{"line":21,"column":28},"end":{"line":21,"column":null}},"7":{"start":{"line":22,"column":35},"end":{"line":22,"column":null}},"8":{"start":{"line":23,"column":30},"end":{"line":23,"column":null}},"9":{"start":{"line":26,"column":17},"end":{"line":107,"column":null}},"10":{"start":{"line":199,"column":18},"end":{"line":199,"column":36}},"11":{"start":{"line":210,"column":26},"end":{"line":210,"column":39}},"12":{"start":{"line":226,"column":18},"end":{"line":226,"column":36}},"13":{"start":{"line":250,"column":20},"end":{"line":250,"column":37}},"14":{"start":{"line":254,"column":26},"end":{"line":254,"column":41}},"15":{"start":{"line":273,"column":20},"end":{"line":273,"column":36}},"16":{"start":{"line":287,"column":20},"end":{"line":287,"column":35}}},"fnMap":{"0":{"name":"CVPage","decl":{"start":{"line":25,"column":24},"end":{"line":25,"column":null}},"loc":{"start":{"line":25,"column":24},"end":{"line":309,"column":null}}},"1":{"name":"(anonymous_3)","decl":{"start":{"line":198,"column":39},"end":{"line":198,"column":40}},"loc":{"start":{"line":199,"column":18},"end":{"line":199,"column":36}}},"2":{"name":"(anonymous_4)","decl":{"start":{"line":209,"column":39},"end":{"line":209,"column":40}},"loc":{"start":{"line":210,"column":26},"end":{"line":210,"column":39}}},"3":{"name":"(anonymous_5)","decl":{"start":{"line":225,"column":38},"end":{"line":225,"column":39}},"loc":{"start":{"line":226,"column":18},"end":{"line":226,"column":36}}},"4":{"name":"(anonymous_6)","decl":{"start":{"line":249,"column":53},"end":{"line":249,"column":54}},"loc":{"start":{"line":250,"column":20},"end":{"line":250,"column":37}}},"5":{"name":"(anonymous_7)","decl":{"start":{"line":253,"column":36},"end":{"line":253,"column":37}},"loc":{"start":{"line":254,"column":26},"end":{"line":254,"column":41}}},"6":{"name":"(anonymous_8)","decl":{"start":{"line":272,"column":40},"end":{"line":272,"column":41}},"loc":{"start":{"line":273,"column":20},"end":{"line":273,"column":36}}},"7":{"name":"(anonymous_9)","decl":{"start":{"line":286,"column":40},"end":{"line":286,"column":41}},"loc":{"start":{"line":287,"column":20},"end":{"line":287,"column":35}}}},"branchMap":{},"s":{"0":0,"1":0,"2":0,"3":0,"4":0,"5":0,"6":0,"7":0,"8":0,"9":0,"10":0,"11":0,"12":0,"13":0,"14":0,"15":0,"16":0},"f":{"0":0,"1":0,"2":0,"3":0,"4":0,"5":0,"6":0,"7":0},"b":{}}
,"/home/matheo/Portfolio_V2/app/projects/bot-trading/page.tsx": {"path":"/home/matheo/Portfolio_V2/app/projects/bot-trading/page.tsx","statementMap":{"0":{"start":{"line":8,"column":24},"end":{"line":8,"column":null}},"1":{"start":{"line":1,"column":22},"end":{"line":1,"column":null}},"2":{"start":{"line":2,"column":23},"end":{"line":2,"column":null}},"3":{"start":{"line":3,"column":57},"end":{"line":3,"column":null}},"4":{"start":{"line":4,"column":18},"end":{"line":4,"column":null}},"5":{"start":{"line":5,"column":17},"end":{"line":5,"column":null}},"6":{"start":{"line":6,"column":71},"end":{"line":6,"column":null}},"7":{"start":{"line":59,"column":16},"end":{"line":59,"column":35}}},"fnMap":{"0":{"name":"BotTradingProject","decl":{"start":{"line":8,"column":24},"end":{"line":8,"column":null}},"loc":{"start":{"line":8,"column":24},"end":{"line":200,"column":null}}},"1":{"name":"(anonymous_3)","decl":{"start":{"line":58,"column":20},"end":{"line":58,"column":21}},"loc":{"start":{"line":59,"column":16},"end":{"line":59,"column":35}}}},"branchMap":{},"s":{"0":0,"1":0,"2":0,"3":0,"4":0,"5":0,"6":0,"7":0},"f":{"0":0,"1":0},"b":{}}
,"/home/matheo/Portfolio_V2/app/projects/breezy/page.tsx": {"path":"/home/matheo/Portfolio_V2/app/projects/breezy/page.tsx","statementMap":{"0":{"start":{"line":8,"column":24},"end":{"line":8,"column":null}},"1":{"start":{"line":1,"column":22},"end":{"line":1,"column":null}},"2":{"start":{"line":2,"column":23},"end":{"line":2,"column":null}},"3":{"start":{"line":3,"column":57},"end":{"line":3,"column":null}},"4":{"start":{"line":4,"column":18},"end":{"line":4,"column":null}},"5":{"start":{"line":5,"column":17},"end":{"line":5,"column":null}},"6":{"start":{"line":6,"column":71},"end":{"line":6,"column":null}},"7":{"start":{"line":62,"column":16},"end":{"line":62,"column":35}}},"fnMap":{"0":{"name":"BreezyProject","decl":{"start":{"line":8,"column":24},"end":{"line":8,"column":null}},"loc":{"start":{"line":8,"column":24},"end":{"line":215,"column":null}}},"1":{"name":"(anonymous_3)","decl":{"start":{"line":61,"column":20},"end":{"line":61,"column":21}},"loc":{"start":{"line":62,"column":16},"end":{"line":62,"column":35}}}},"branchMap":{},"s":{"0":0,"1":0,"2":0,"3":0,"4":0,"5":0,"6":0,"7":0},"f":{"0":0,"1":0},"b":{}}
,"/home/matheo/Portfolio_V2/app/projects/easysave/page.tsx": {"path":"/home/matheo/Portfolio_V2/app/projects/easysave/page.tsx","statementMap":{"0":{"start":{"line":8,"column":24},"end":{"line":8,"column":null}},"1":{"start":{"line":1,"column":22},"end":{"line":1,"column":null}},"2":{"start":{"line":2,"column":23},"end":{"line":2,"column":null}},"3":{"start":{"line":3,"column":57},"end":{"line":3,"column":null}},"4":{"start":{"line":4,"column":18},"end":{"line":4,"column":null}},"5":{"start":{"line":5,"column":17},"end":{"line":5,"column":null}},"6":{"start":{"line":6,"column":68},"end":{"line":6,"column":null}},"7":{"start":{"line":61,"column":16},"end":{"line":61,"column":35}}},"fnMap":{"0":{"name":"EasySaveProject","decl":{"start":{"line":8,"column":24},"end":{"line":8,"column":null}},"loc":{"start":{"line":8,"column":24},"end":{"line":258,"column":null}}},"1":{"name":"(anonymous_3)","decl":{"start":{"line":60,"column":20},"end":{"line":60,"column":21}},"loc":{"start":{"line":61,"column":16},"end":{"line":61,"column":35}}}},"branchMap":{},"s":{"0":0,"1":0,"2":0,"3":0,"4":0,"5":0,"6":0,"7":0},"f":{"0":0,"1":0},"b":{}}
,"/home/matheo/Portfolio_V2/app/projects/media-server/page.tsx": {"path":"/home/matheo/Portfolio_V2/app/projects/media-server/page.tsx","statementMap":{"0":{"start":{"line":8,"column":24},"end":{"line":8,"column":null}},"1":{"start":{"line":1,"column":22},"end":{"line":1,"column":null}},"2":{"start":{"line":2,"column":23},"end":{"line":2,"column":null}},"3":{"start":{"line":3,"column":57},"end":{"line":3,"column":null}},"4":{"start":{"line":4,"column":18},"end":{"line":4,"column":null}},"5":{"start":{"line":5,"column":17},"end":{"line":5,"column":null}},"6":{"start":{"line":6,"column":65},"end":{"line":6,"column":null}},"7":{"start":{"line":60,"column":16},"end":{"line":60,"column":35}}},"fnMap":{"0":{"name":"MediaServerProject","decl":{"start":{"line":8,"column":24},"end":{"line":8,"column":null}},"loc":{"start":{"line":8,"column":24},"end":{"line":290,"column":null}}},"1":{"name":"(anonymous_3)","decl":{"start":{"line":59,"column":20},"end":{"line":59,"column":21}},"loc":{"start":{"line":60,"column":16},"end":{"line":60,"column":35}}}},"branchMap":{},"s":{"0":0,"1":0,"2":0,"3":0,"4":0,"5":0,"6":0,"7":0},"f":{"0":0,"1":0},"b":{}}
,"/home/matheo/Portfolio_V2/app/projects/openstack/page.tsx": {"path":"/home/matheo/Portfolio_V2/app/projects/openstack/page.tsx","statementMap":{"0":{"start":{"line":8,"column":24},"end":{"line":8,"column":null}},"1":{"start":{"line":1,"column":22},"end":{"line":1,"column":null}},"2":{"start":{"line":2,"column":23},"end":{"line":2,"column":null}},"3":{"start":{"line":3,"column":57},"end":{"line":3,"column":null}},"4":{"start":{"line":4,"column":18},"end":{"line":4,"column":null}},"5":{"start":{"line":5,"column":17},"end":{"line":5,"column":null}},"6":{"start":{"line":6,"column":67},"end":{"line":6,"column":null}},"7":{"start":{"line":57,"column":16},"end":{"line":57,"column":35}}},"fnMap":{"0":{"name":"OpenStackProject","decl":{"start":{"line":8,"column":24},"end":{"line":8,"column":null}},"loc":{"start":{"line":8,"column":24},"end":{"line":191,"column":null}}},"1":{"name":"(anonymous_3)","decl":{"start":{"line":56,"column":20},"end":{"line":56,"column":21}},"loc":{"start":{"line":57,"column":16},"end":{"line":57,"column":35}}}},"branchMap":{},"s":{"0":0,"1":0,"2":0,"3":0,"4":0,"5":0,"6":0,"7":0},"f":{"0":0,"1":0},"b":{}}
,"/home/matheo/Portfolio_V2/app/projects/password-management/page.tsx": {"path":"/home/matheo/Portfolio_V2/app/projects/password-management/page.tsx","statementMap":{"0":{"start":{"line":8,"column":24},"end":{"line":8,"column":null}},"1":{"start":{"line":1,"column":22},"end":{"line":1,"column":null}},"2":{"start":{"line":2,"column":23},"end":{"line":2,"column":null}},"3":{"start":{"line":3,"column":57},"end":{"line":3,"column":null}},"4":{"start":{"line":4,"column":18},"end":{"line":4,"column":null}},"5":{"start":{"line":5,"column":17},"end":{"line":5,"column":null}},"6":{"start":{"line":6,"column":64},"end":{"line":6,"column":null}},"7":{"start":{"line":60,"column":16},"end":{"line":60,"column":35}}},"fnMap":{"0":{"name":"PasswordManagementProject","decl":{"start":{"line":8,"column":24},"end":{"line":8,"column":null}},"loc":{"start":{"line":8,"column":24},"end":{"line":273,"column":null}}},"1":{"name":"(anonymous_3)","decl":{"start":{"line":59,"column":20},"end":{"line":59,"column":21}},"loc":{"start":{"line":60,"column":16},"end":{"line":60,"column":35}}}},"branchMap":{},"s":{"0":0,"1":0,"2":0,"3":0,"4":0,"5":0,"6":0,"7":0},"f":{"0":0,"1":0},"b":{}}
,"/home/matheo/Portfolio_V2/app/projects/pentesting/page.tsx": {"path":"/home/matheo/Portfolio_V2/app/projects/pentesting/page.tsx","statementMap":{"0":{"start":{"line":8,"column":24},"end":{"line":8,"column":null}},"1":{"start":{"line":1,"column":22},"end":{"line":1,"column":null}},"2":{"start":{"line":2,"column":23},"end":{"line":2,"column":null}},"3":{"start":{"line":3,"column":57},"end":{"line":3,"column":null}},"4":{"start":{"line":4,"column":18},"end":{"line":4,"column":null}},"5":{"start":{"line":5,"column":17},"end":{"line":5,"column":null}},"6":{"start":{"line":6,"column":70},"end":{"line":6,"column":null}},"7":{"start":{"line":56,"column":16},"end":{"line":56,"column":35}}},"fnMap":{"0":{"name":"PentestingProject","decl":{"start":{"line":8,"column":24},"end":{"line":8,"column":null}},"loc":{"start":{"line":8,"column":24},"end":{"line":207,"column":null}}},"1":{"name":"(anonymous_3)","decl":{"start":{"line":55,"column":20},"end":{"line":55,"column":21}},"loc":{"start":{"line":56,"column":16},"end":{"line":56,"column":35}}}},"branchMap":{},"s":{"0":0,"1":0,"2":0,"3":0,"4":0,"5":0,"6":0,"7":0},"f":{"0":0,"1":0},"b":{}}
,"/home/matheo/Portfolio_V2/app/projects/python-data/page.tsx": {"path":"/home/matheo/Portfolio_V2/app/projects/python-data/page.tsx","statementMap":{"0":{"start":{"line":8,"column":24},"end":{"line":8,"column":null}},"1":{"start":{"line":1,"column":22},"end":{"line":1,"column":null}},"2":{"start":{"line":2,"column":23},"end":{"line":2,"column":null}},"3":{"start":{"line":3,"column":57},"end":{"line":3,"column":null}},"4":{"start":{"line":4,"column":18},"end":{"line":4,"column":null}},"5":{"start":{"line":5,"column":17},"end":{"line":5,"column":null}},"6":{"start":{"line":6,"column":73},"end":{"line":6,"column":null}},"7":{"start":{"line":56,"column":16},"end":{"line":56,"column":35}}},"fnMap":{"0":{"name":"PythonDataProject","decl":{"start":{"line":8,"column":24},"end":{"line":8,"column":null}},"loc":{"start":{"line":8,"column":24},"end":{"line":189,"column":null}}},"1":{"name":"(anonymous_3)","decl":{"start":{"line":55,"column":20},"end":{"line":55,"column":21}},"loc":{"start":{"line":56,"column":16},"end":{"line":56,"column":35}}}},"branchMap":{},"s":{"0":0,"1":0,"2":0,"3":0,"4":0,"5":0,"6":0,"7":0},"f":{"0":0,"1":0},"b":{}}
,"/home/matheo/Portfolio_V2/app/projects/route-optimization/page.tsx": {"path":"/home/matheo/Portfolio_V2/app/projects/route-optimization/page.tsx","statementMap":{"0":{"start":{"line":8,"column":24},"end":{"line":8,"column":null}},"1":{"start":{"line":1,"column":22},"end":{"line":1,"column":null}},"2":{"start":{"line":2,"column":23},"end":{"line":2,"column":null}},"3":{"start":{"line":3,"column":57},"end":{"line":3,"column":null}},"4":{"start":{"line":4,"column":18},"end":{"line":4,"column":null}},"5":{"start":{"line":5,"column":17},"end":{"line":5,"column":null}},"6":{"start":{"line":6,"column":63},"end":{"line":6,"column":null}},"7":{"start":{"line":59,"column":16},"end":{"line":59,"column":35}}},"fnMap":{"0":{"name":"RouteOptimizationProject","decl":{"start":{"line":8,"column":24},"end":{"line":8,"column":null}},"loc":{"start":{"line":8,"column":24},"end":{"line":295,"column":null}}},"1":{"name":"(anonymous_3)","decl":{"start":{"line":58,"column":20},"end":{"line":58,"column":21}},"loc":{"start":{"line":59,"column":16},"end":{"line":59,"column":35}}}},"branchMap":{},"s":{"0":0,"1":0,"2":0,"3":0,"4":0,"5":0,"6":0,"7":0},"f":{"0":0,"1":0},"b":{}}
,"/home/matheo/Portfolio_V2/app/projects/security/page.tsx": {"path":"/home/matheo/Portfolio_V2/app/projects/security/page.tsx","statementMap":{"0":{"start":{"line":8,"column":24},"end":{"line":8,"column":null}},"1":{"start":{"line":1,"column":22},"end":{"line":1,"column":null}},"2":{"start":{"line":2,"column":23},"end":{"line":2,"column":null}},"3":{"start":{"line":3,"column":57},"end":{"line":3,"column":null}},"4":{"start":{"line":4,"column":18},"end":{"line":4,"column":null}},"5":{"start":{"line":5,"column":17},"end":{"line":5,"column":null}},"6":{"start":{"line":6,"column":67},"end":{"line":6,"column":null}},"7":{"start":{"line":58,"column":16},"end":{"line":58,"column":35}}},"fnMap":{"0":{"name":"SecurityProject","decl":{"start":{"line":8,"column":24},"end":{"line":8,"column":null}},"loc":{"start":{"line":8,"column":24},"end":{"line":188,"column":null}}},"1":{"name":"(anonymous_3)","decl":{"start":{"line":57,"column":20},"end":{"line":57,"column":21}},"loc":{"start":{"line":58,"column":16},"end":{"line":58,"column":35}}}},"branchMap":{},"s":{"0":0,"1":0,"2":0,"3":0,"4":0,"5":0,"6":0,"7":0},"f":{"0":0,"1":0},"b":{}}
,"/home/matheo/Portfolio_V2/components/animated-background.tsx": {"path":"/home/matheo/Portfolio_V2/components/animated-background.tsx","statementMap":{"0":{"start":{"line":5,"column":16},"end":{"line":5,"column":null}},"1":{"start":{"line":3,"column":36},"end":{"line":3,"column":null}},"2":{"start":{"line":6,"column":36},"end":{"line":16,"column":null}},"3":{"start":{"line":18,"column":2},"end":{"line":55,"column":null}},"4":{"start":{"line":20,"column":25},"end":{"line":28,"column":null}},"5":{"start":{"line":20,"column":63},"end":{"line":28,"column":null}},"6":{"start":{"line":29,"column":4},"end":{"line":29,"column":null}},"7":{"start":{"line":31,"column":29},"end":{"line":51,"column":null}},"8":{"start":{"line":32,"column":6},"end":{"line":49,"column":null}},"9":{"start":{"line":33,"column":8},"end":{"line":49,"column":null}},"10":{"start":{"line":34,"column":21},"end":{"line":34,"column":49}},"11":{"start":{"line":35,"column":21},"end":{"line":35,"column":49}},"12":{"start":{"line":38,"column":10},"end":{"line":39,"column":null}},"13":{"start":{"line":38,"column":40},"end":{"line":38,"column":null}},"14":{"start":{"line":39,"column":15},"end":{"line":39,"column":null}},"15":{"start":{"line":39,"column":29},"end":{"line":39,"column":null}},"16":{"start":{"line":41,"column":10},"end":{"line":42,"column":null}},"17":{"start":{"line":41,"column":41},"end":{"line":41,"column":null}},"18":{"start":{"line":42,"column":15},"end":{"line":42,"column":null}},"19":{"start":{"line":42,"column":29},"end":{"line":42,"column":null}},"20":{"start":{"line":44,"column":10},"end":{"line":48,"column":null}},"21":{"start":{"line":53,"column":21},"end":{"line":53,"column":null}},"22":{"start":{"line":54,"column":4},"end":{"line":54,"column":null}},"23":{"start":{"line":54,"column":17},"end":{"line":54,"column":null}},"24":{"start":{"line":67,"column":8},"end":{"line":68,"column":null}}},"fnMap":{"0":{"name":"AnimatedBackground","decl":{"start":{"line":5,"column":16},"end":{"line":5,"column":null}},"loc":{"start":{"line":5,"column":16},"end":{"line":97,"column":null}}},"1":{"name":"(anonymous_2)","decl":{"start":{"line":18,"column":12},"end":{"line":18,"column":null}},"loc":{"start":{"line":18,"column":12},"end":{"line":55,"column":5}}},"2":{"name":"(anonymous_3)","decl":{"start":{"line":20,"column":52},"end":{"line":20,"column":53}},"loc":{"start":{"line":20,"column":63},"end":{"line":28,"column":null}}},"3":{"name":"(anonymous_4)","decl":{"start":{"line":31,"column":29},"end":{"line":31,"column":null}},"loc":{"start":{"line":31,"column":29},"end":{"line":51,"column":null}}},"4":{"name":"(anonymous_5)","decl":{"start":{"line":32,"column":19},"end":{"line":32,"column":20}},"loc":{"start":{"line":33,"column":8},"end":{"line":49,"column":null}}},"5":{"name":"(anonymous_6)","decl":{"start":{"line":33,"column":17},"end":{"line":33,"column":18}},"loc":{"start":{"line":33,"column":18},"end":{"line":49,"column":null}}},"6":{"name":"(anonymous_7)","decl":{"start":{"line":54,"column":11},"end":{"line":54,"column":17}},"loc":{"start":{"line":54,"column":17},"end":{"line":54,"column":null}}},"7":{"name":"(anonymous_8)","decl":{"start":{"line":66,"column":21},"end":{"line":66,"column":22}},"loc":{"start":{"line":67,"column":8},"end":{"line":68,"column":null}}}},"branchMap":{"0":{"loc":{"start":{"line":38,"column":10},"end":{"line":39,"column":null}},"type":"if","locations":[{"start":{"line":38,"column":10},"end":{"line":39,"column":null}},{"start":{"line":39,"column":15},"end":{"line":39,"column":null}}]},"1":{"loc":{"start":{"line":39,"column":15},"end":{"line":39,"column":null}},"type":"if","locations":[{"start":{"line":39,"column":15},"end":{"line":39,"column":null}},{"start":{},"end":{}}]},"2":{"loc":{"start":{"line":41,"column":10},"end":{"line":42,"column":null}},"type":"if","locations":[{"start":{"line":41,"column":10},"end":{"line":42,"column":null}},{"start":{"line":42,"column":15},"end":{"line":42,"column":null}}]},"3":{"loc":{"start":{"line":42,"column":15},"end":{"line":42,"column":null}},"type":"if","locations":[{"start":{"line":42,"column":15},"end":{"line":42,"column":null}},{"start":{},"end":{}}]}},"s":{"0":1,"1":1,"2":2,"3":2,"4":1,"5":20,"6":1,"7":1,"8":0,"9":0,"10":0,"11":0,"12":0,"13":0,"14":0,"15":0,"16":0,"17":0,"18":0,"19":0,"20":0,"21":1,"22":1,"23":1,"24":20},"f":{"0":2,"1":1,"2":20,"3":0,"4":0,"5":0,"6":1,"7":20},"b":{"0":[0,0],"1":[0,0],"2":[0,0],"3":[0,0]}}
,"/home/matheo/Portfolio_V2/components/mouse-follower.tsx": {"path":"/home/matheo/Portfolio_V2/components/mouse-follower.tsx","statementMap":{"0":{"start":{"line":6,"column":16},"end":{"line":6,"column":null}},"1":{"start":{"line":3,"column":36},"end":{"line":3,"column":null}},"2":{"start":{"line":4,"column":25},"end":{"line":4,"column":null}},"3":{"start":{"line":7,"column":44},"end":{"line":7,"column":null}},"4":{"start":{"line":8,"column":20},"end":{"line":8,"column":null}},"5":{"start":{"line":10,"column":2},"end":{"line":20,"column":null}},"6":{"start":{"line":11,"column":32},"end":{"line":13,"column":null}},"7":{"start":{"line":12,"column":6},"end":{"line":12,"column":null}},"8":{"start":{"line":15,"column":4},"end":{"line":15,"column":null}},"9":{"start":{"line":17,"column":4},"end":{"line":19,"column":null}},"10":{"start":{"line":18,"column":6},"end":{"line":18,"column":null}}},"fnMap":{"0":{"name":"MouseFollower","decl":{"start":{"line":6,"column":16},"end":{"line":6,"column":null}},"loc":{"start":{"line":6,"column":16},"end":{"line":48,"column":null}}},"1":{"name":"(anonymous_2)","decl":{"start":{"line":10,"column":12},"end":{"line":10,"column":null}},"loc":{"start":{"line":10,"column":12},"end":{"line":20,"column":5}}},"2":{"name":"(anonymous_3)","decl":{"start":{"line":11,"column":32},"end":{"line":11,"column":33}},"loc":{"start":{"line":11,"column":33},"end":{"line":13,"column":null}}},"3":{"name":"(anonymous_4)","decl":{"start":{"line":17,"column":11},"end":{"line":17,"column":null}},"loc":{"start":{"line":17,"column":11},"end":{"line":19,"column":null}}}},"branchMap":{"0":{"loc":{"start":{"line":26,"column":10},"end":{"line":28,"column":null}},"type":"cond-expr","locations":[{"start":{"line":27,"column":14},"end":{"line":27,"column":null}},{"start":{"line":28,"column":14},"end":{"line":28,"column":null}}]},"1":{"loc":{"start":{"line":37,"column":10},"end":{"line":39,"column":null}},"type":"cond-expr","locations":[{"start":{"line":38,"column":14},"end":{"line":38,"column":null}},{"start":{"line":39,"column":14},"end":{"line":39,"column":null}}]}},"s":{"0":1,"1":1,"2":1,"3":1,"4":1,"5":1,"6":1,"7":0,"8":1,"9":1,"10":1},"f":{"0":1,"1":1,"2":0,"3":1},"b":{"0":[0,1],"1":[0,1]}}
,"/home/matheo/Portfolio_V2/components/photo-gallery.tsx": {"path":"/home/matheo/Portfolio_V2/components/photo-gallery.tsx","statementMap":{"0":{"start":{"line":18,"column":16},"end":{"line":18,"column":29}},"1":{"start":{"line":3,"column":18},"end":{"line":3,"column":null}},"2":{"start":{"line":4,"column":65},"end":{"line":4,"column":null}},"3":{"start":{"line":30,"column":14},"end":{"line":31,"column":null}}},"fnMap":{"0":{"name":"PhotoGallery","decl":{"start":{"line":18,"column":16},"end":{"line":18,"column":29}},"loc":{"start":{"line":18,"column":82},"end":{"line":47,"column":null}}},"1":{"name":"(anonymous_3)","decl":{"start":{"line":29,"column":24},"end":{"line":29,"column":25}},"loc":{"start":{"line":30,"column":14},"end":{"line":31,"column":null}}}},"branchMap":{"0":{"loc":{"start":{"line":35,"column":23},"end":{"line":35,"column":null}},"type":"binary-expr","locations":[{"start":{"line":35,"column":23},"end":{"line":35,"column":32}},{"start":{"line":35,"column":36},"end":{"line":35,"column":null}}]}},"s":{"0":0,"1":1,"2":1,"3":0},"f":{"0":0,"1":0},"b":{"0":[0,0]}}
,"/home/matheo/Portfolio_V2/components/theme-provider.tsx": {"path":"/home/matheo/Portfolio_V2/components/theme-provider.tsx","statementMap":{"0":{"start":{"line":6,"column":16},"end":{"line":6,"column":30}},"1":{"start":{"line":3,"column":23},"end":{"line":3,"column":null}},"2":{"start":{"line":4,"column":77},"end":{"line":4,"column":null}}},"fnMap":{"0":{"name":"ThemeProvider","decl":{"start":{"line":6,"column":16},"end":{"line":6,"column":30}},"loc":{"start":{"line":6,"column":72},"end":{"line":8,"column":null}}}},"branchMap":{},"s":{"0":0,"1":0,"2":0},"f":{"0":0},"b":{}}
,"/home/matheo/Portfolio_V2/components/theme-toggle.tsx": {"path":"/home/matheo/Portfolio_V2/components/theme-toggle.tsx","statementMap":{"0":{"start":{"line":8,"column":16},"end":{"line":8,"column":null}},"1":{"start":{"line":3,"column":26},"end":{"line":3,"column":null}},"2":{"start":{"line":4,"column":25},"end":{"line":4,"column":null}},"3":{"start":{"line":5,"column":23},"end":{"line":5,"column":null}},"4":{"start":{"line":6,"column":36},"end":{"line":6,"column":null}},"5":{"start":{"line":9,"column":30},"end":{"line":9,"column":null}},"6":{"start":{"line":10,"column":32},"end":{"line":10,"column":null}},"7":{"start":{"line":12,"column":2},"end":{"line":14,"column":null}},"8":{"start":{"line":13,"column":4},"end":{"line":13,"column":null}},"9":{"start":{"line":16,"column":2},"end":{"line":18,"column":null}},"10":{"start":{"line":17,"column":4},"end":{"line":17,"column":null}},"11":{"start":{"line":24,"column":21},"end":{"line":24,"column":null}}},"fnMap":{"0":{"name":"ThemeToggle","decl":{"start":{"line":8,"column":16},"end":{"line":8,"column":null}},"loc":{"start":{"line":8,"column":16},"end":{"line":31,"column":null}}},"1":{"name":"(anonymous_2)","decl":{"start":{"line":12,"column":12},"end":{"line":12,"column":null}},"loc":{"start":{"line":12,"column":12},"end":{"line":14,"column":5}}},"2":{"name":"(anonymous_3)","decl":{"start":{"line":24,"column":15},"end":{"line":24,"column":21}},"loc":{"start":{"line":24,"column":21},"end":{"line":24,"column":null}}}},"branchMap":{"0":{"loc":{"start":{"line":16,"column":2},"end":{"line":18,"column":null}},"type":"if","locations":[{"start":{"line":16,"column":2},"end":{"line":18,"column":null}},{"start":{},"end":{}}]},"1":{"loc":{"start":{"line":24,"column":30},"end":{"line":24,"column":null}},"type":"cond-expr","locations":[{"start":{"line":24,"column":50},"end":{"line":24,"column":59}},{"start":{"line":24,"column":59},"end":{"line":24,"column":null}}]}},"s":{"0":1,"1":1,"2":1,"3":1,"4":1,"5":2,"6":2,"7":2,"8":1,"9":2,"10":1,"11":0},"f":{"0":2,"1":1,"2":0},"b":{"0":[1,1],"1":[0,0]}}
,"/home/matheo/Portfolio_V2/components/typing-animation.tsx": {"path":"/home/matheo/Portfolio_V2/components/typing-animation.tsx","statementMap":{"0":{"start":{"line":11,"column":16},"end":{"line":11,"column":32}},"1":{"start":{"line":3,"column":36},"end":{"line":3,"column":null}},"2":{"start":{"line":12,"column":44},"end":{"line":12,"column":null}},"3":{"start":{"line":13,"column":42},"end":{"line":13,"column":null}},"4":{"start":{"line":14,"column":38},"end":{"line":14,"column":null}},"5":{"start":{"line":16,"column":2},"end":{"line":25,"column":null}},"6":{"start":{"line":17,"column":4},"end":{"line":24,"column":null}},"7":{"start":{"line":18,"column":22},"end":{"line":21,"column":null}},"8":{"start":{"line":19,"column":8},"end":{"line":19,"column":null}},"9":{"start":{"line":19,"column":35},"end":{"line":19,"column":60}},"10":{"start":{"line":20,"column":8},"end":{"line":20,"column":null}},"11":{"start":{"line":20,"column":34},"end":{"line":20,"column":null}},"12":{"start":{"line":23,"column":6},"end":{"line":23,"column":null}},"13":{"start":{"line":23,"column":19},"end":{"line":23,"column":null}},"14":{"start":{"line":27,"column":2},"end":{"line":33,"column":null}},"15":{"start":{"line":28,"column":27},"end":{"line":30,"column":null}},"16":{"start":{"line":29,"column":6},"end":{"line":29,"column":null}},"17":{"start":{"line":29,"column":30},"end":{"line":29,"column":null}},"18":{"start":{"line":32,"column":4},"end":{"line":32,"column":null}},"19":{"start":{"line":32,"column":17},"end":{"line":32,"column":null}}},"fnMap":{"0":{"name":"TypingAnimation","decl":{"start":{"line":11,"column":16},"end":{"line":11,"column":32}},"loc":{"start":{"line":11,"column":91},"end":{"line":45,"column":null}}},"1":{"name":"(anonymous_2)","decl":{"start":{"line":16,"column":12},"end":{"line":16,"column":null}},"loc":{"start":{"line":16,"column":12},"end":{"line":25,"column":5}}},"2":{"name":"(anonymous_3)","decl":{"start":{"line":18,"column":33},"end":{"line":18,"column":null}},"loc":{"start":{"line":18,"column":33},"end":{"line":21,"column":9}}},"3":{"name":"(anonymous_4)","decl":{"start":{"line":19,"column":25},"end":{"line":19,"column":26}},"loc":{"start":{"line":19,"column":35},"end":{"line":19,"column":60}}},"4":{"name":"(anonymous_5)","decl":{"start":{"line":20,"column":24},"end":{"line":20,"column":25}},"loc":{"start":{"line":20,"column":34},"end":{"line":20,"column":null}}},"5":{"name":"(anonymous_6)","decl":{"start":{"line":23,"column":13},"end":{"line":23,"column":19}},"loc":{"start":{"line":23,"column":19},"end":{"line":23,"column":null}}},"6":{"name":"(anonymous_7)","decl":{"start":{"line":27,"column":12},"end":{"line":27,"column":null}},"loc":{"start":{"line":27,"column":12},"end":{"line":33,"column":5}}},"7":{"name":"(anonymous_8)","decl":{"start":{"line":28,"column":39},"end":{"line":28,"column":null}},"loc":{"start":{"line":28,"column":39},"end":{"line":30,"column":7}}},"8":{"name":"(anonymous_9)","decl":{"start":{"line":29,"column":20},"end":{"line":29,"column":21}},"loc":{"start":{"line":29,"column":30},"end":{"line":29,"column":null}}},"9":{"name":"(anonymous_10)","decl":{"start":{"line":32,"column":11},"end":{"line":32,"column":17}},"loc":{"start":{"line":32,"column":17},"end":{"line":32,"column":null}}}},"branchMap":{"0":{"loc":{"start":{"line":11,"column":40},"end":{"line":11,"column":54}},"type":"default-arg","locations":[{"start":{"line":11,"column":52},"end":{"line":11,"column":54}}]},"1":{"loc":{"start":{"line":11,"column":56},"end":{"line":11,"column":67}},"type":"default-arg","locations":[{"start":{"line":11,"column":64},"end":{"line":11,"column":67}}]},"2":{"loc":{"start":{"line":17,"column":4},"end":{"line":24,"column":null}},"type":"if","locations":[{"start":{"line":17,"column":4},"end":{"line":24,"column":null}},{"start":{},"end":{}}]},"3":{"loc":{"start":{"line":39,"column":61},"end":{"line":39,"column":102}},"type":"cond-expr","locations":[{"start":{"line":39,"column":74},"end":{"line":39,"column":90}},{"start":{"line":39,"column":90},"end":{"line":39,"column":102}}]}},"s":{"0":1,"1":1,"2":1,"3":1,"4":1,"5":1,"6":1,"7":1,"8":0,"9":0,"10":0,"11":0,"12":1,"13":1,"14":1,"15":1,"16":0,"17":0,"18":1,"19":1},"f":{"0":1,"1":1,"2":0,"3":0,"4":0,"5":1,"6":1,"7":0,"8":0,"9":1},"b":{"0":[0],"1":[0],"2":[1,0],"3":[1,0]}}
,"/home/matheo/Portfolio_V2/components/weather-widget.tsx": {"path":"/home/matheo/Portfolio_V2/components/weather-widget.tsx","statementMap":{"0":{"start":{"line":16,"column":16},"end":{"line":16,"column":null}},"1":{"start":{"line":3,"column":36},"end":{"line":3,"column":null}},"2":{"start":{"line":4,"column":34},"end":{"line":4,"column":null}},"3":{"start":{"line":5,"column":70},"end":{"line":5,"column":null}},"4":{"start":{"line":17,"column":40},"end":{"line":17,"column":null}},"5":{"start":{"line":18,"column":32},"end":{"line":18,"column":null}},"6":{"start":{"line":19,"column":32},"end":{"line":19,"column":null}},"7":{"start":{"line":20,"column":28},"end":{"line":20,"column":null}},"8":{"start":{"line":22,"column":2},"end":{"line":123,"column":null}},"9":{"start":{"line":23,"column":18},"end":{"line":25,"column":null}},"10":{"start":{"line":24,"column":6},"end":{"line":24,"column":null}},"11":{"start":{"line":27,"column":29},"end":{"line":112,"column":null}},"12":{"start":{"line":28,"column":6},"end":{"line":33,"column":null}},"13":{"start":{"line":29,"column":8},"end":{"line":29,"column":null}},"14":{"start":{"line":30,"column":8},"end":{"line":30,"column":null}},"15":{"start":{"line":31,"column":8},"end":{"line":31,"column":null}},"16":{"start":{"line":32,"column":8},"end":{"line":32,"column":null}},"17":{"start":{"line":35,"column":6},"end":{"line":111,"column":null}},"18":{"start":{"line":37,"column":25},"end":{"line":42,"column":null}},"19":{"start":{"line":38,"column":10},"end":{"line":41,"column":null}},"20":{"start":{"line":44,"column":40},"end":{"line":44,"column":55}},"21":{"start":{"line":47,"column":25},"end":{"line":48,"column":null}},"22":{"start":{"line":51,"column":8},"end":{"line":53,"column":null}},"23":{"start":{"line":52,"column":10},"end":{"line":52,"column":null}},"24":{"start":{"line":55,"column":21},"end":{"line":55,"column":null}},"25":{"start":{"line":57,"column":87},"end":{"line":86,"column":null}},"26":{"start":{"line":88,"column":28},"end":{"line":88,"column":null}},"27":{"start":{"line":89,"column":33},"end":{"line":90,"column":null}},"28":{"start":{"line":90,"column":28},"end":{"line":90,"column":null}},"29":{"start":{"line":93,"column":28},"end":{"line":96,"column":null}},"30":{"start":{"line":98,"column":8},"end":{"line":105,"column":null}},"31":{"start":{"line":106,"column":8},"end":{"line":106,"column":null}},"32":{"start":{"line":108,"column":8},"end":{"line":108,"column":null}},"33":{"start":{"line":110,"column":8},"end":{"line":110,"column":null}},"34":{"start":{"line":114,"column":4},"end":{"line":114,"column":null}},"35":{"start":{"line":117,"column":25},"end":{"line":117,"column":null}},"36":{"start":{"line":119,"column":4},"end":{"line":122,"column":null}},"37":{"start":{"line":120,"column":6},"end":{"line":120,"column":null}},"38":{"start":{"line":121,"column":6},"end":{"line":121,"column":null}},"39":{"start":{"line":125,"column":25},"end":{"line":154,"column":null}},"40":{"start":{"line":126,"column":4},"end":{"line":153,"column":null}},"41":{"start":{"line":156,"column":21},"end":{"line":162,"column":null}},"42":{"start":{"line":157,"column":4},"end":{"line":161,"column":null}},"43":{"start":{"line":164,"column":21},"end":{"line":171,"column":null}},"44":{"start":{"line":165,"column":4},"end":{"line":170,"column":null}}},"fnMap":{"0":{"name":"WeatherWidget","decl":{"start":{"line":16,"column":16},"end":{"line":16,"column":null}},"loc":{"start":{"line":16,"column":16},"end":{"line":219,"column":null}}},"1":{"name":"(anonymous_2)","decl":{"start":{"line":22,"column":12},"end":{"line":22,"column":null}},"loc":{"start":{"line":22,"column":12},"end":{"line":123,"column":5}}},"2":{"name":"(anonymous_3)","decl":{"start":{"line":23,"column":30},"end":{"line":23,"column":null}},"loc":{"start":{"line":23,"column":30},"end":{"line":25,"column":7}}},"3":{"name":"(anonymous_4)","decl":{"start":{"line":27,"column":29},"end":{"line":27,"column":null}},"loc":{"start":{"line":27,"column":29},"end":{"line":112,"column":null}}},"4":{"name":"(anonymous_5)","decl":{"start":{"line":37,"column":64},"end":{"line":37,"column":65}},"loc":{"start":{"line":37,"column":74},"end":{"line":42,"column":null}}},"5":{"name":"(anonymous_6)","decl":{"start":{"line":90,"column":10},"end":{"line":90,"column":11}},"loc":{"start":{"line":90,"column":28},"end":{"line":90,"column":null}}},"6":{"name":"(anonymous_7)","decl":{"start":{"line":119,"column":11},"end":{"line":119,"column":null}},"loc":{"start":{"line":119,"column":11},"end":{"line":122,"column":null}}},"7":{"name":"(anonymous_8)","decl":{"start":{"line":125,"column":25},"end":{"line":125,"column":26}},"loc":{"start":{"line":125,"column":26},"end":{"line":154,"column":null}}},"8":{"name":"(anonymous_9)","decl":{"start":{"line":156,"column":21},"end":{"line":156,"column":22}},"loc":{"start":{"line":156,"column":22},"end":{"line":162,"column":null}}},"9":{"name":"(anonymous_10)","decl":{"start":{"line":164,"column":21},"end":{"line":164,"column":22}},"loc":{"start":{"line":164,"column":22},"end":{"line":171,"column":null}}}},"branchMap":{"0":{"loc":{"start":{"line":28,"column":6},"end":{"line":33,"column":null}},"type":"if","locations":[{"start":{"line":28,"column":6},"end":{"line":33,"column":null}},{"start":{},"end":{}}]},"1":{"loc":{"start":{"line":51,"column":8},"end":{"line":53,"column":null}},"type":"if","locations":[{"start":{"line":51,"column":8},"end":{"line":53,"column":null}},{"start":{},"end":{}}]},"2":{"loc":{"start":{"line":93,"column":28},"end":{"line":96,"column":null}},"type":"binary-expr","locations":[{"start":{"line":93,"column":28},"end":{"line":93,"column":76}},{"start":{"line":93,"column":80},"end":{"line":96,"column":null}}]},"3":{"loc":{"start":{"line":126,"column":4},"end":{"line":153,"column":null}},"type":"switch","locations":[{"start":{"line":127,"column":6},"end":{"line":127,"column":null}},{"start":{"line":130,"column":6},"end":{"line":130,"column":null}},{"start":{"line":131,"column":6},"end":{"line":131,"column":null}},{"start":{"line":132,"column":6},"end":{"line":132,"column":null}},{"start":{"line":133,"column":6},"end":{"line":133,"column":null}},{"start":{"line":134,"column":6},"end":{"line":134,"column":null}},{"start":{"line":137,"column":6},"end":{"line":137,"column":null}},{"start":{"line":138,"column":6},"end":{"line":138,"column":null}},{"start":{"line":139,"column":6},"end":{"line":139,"column":null}},{"start":{"line":142,"column":6},"end":{"line":142,"column":null}},{"start":{"line":145,"column":6},"end":{"line":145,"column":null}},{"start":{"line":148,"column":6},"end":{"line":148,"column":null}}]},"4":{"loc":{"start":{"line":186,"column":10},"end":{"line":187,"column":null}},"type":"cond-expr","locations":[{"start":{"line":186,"column":10},"end":{"line":187,"column":null}}]},"5":{"loc":{"start":{"line":188,"column":10},"end":{"line":214,"column":11}},"type":"cond-expr","locations":[{"start":{"line":188,"column":10},"end":{"line":214,"column":11}}]},"6":{"loc":{"start":{"line":211,"column":13},"end":{"line":211,"column":22}},"type":"binary-expr","locations":[{"start":{"line":211,"column":13},"end":{"line":211,"column":22}}]}},"s":{"0":1,"1":1,"2":1,"3":1,"4":2,"5":2,"6":2,"7":2,"8":2,"9":1,"10":0,"11":1,"12":1,"13":1,"14":1,"15":1,"16":1,"17":0,"18":0,"19":0,"20":0,"21":0,"22":0,"23":0,"24":0,"25":0,"26":0,"27":0,"28":0,"29":0,"30":0,"31":0,"32":0,"33":0,"34":1,"35":1,"36":1,"37":1,"38":1,"39":2,"40":0,"41":2,"42":2,"43":2,"44":2},"f":{"0":2,"1":1,"2":0,"3":1,"4":0,"5":0,"6":1,"7":0,"8":2,"9":2},"b":{"0":[1,0],"1":[0,0],"2":[0,0],"3":[0,0,0,0,0,0,0,0,0,0,0,0],"4":[1],"5":[0],"6":[0]}}
,"/home/matheo/Portfolio_V2/components/ui/badge.tsx": {"path":"/home/matheo/Portfolio_V2/components/ui/badge.tsx","statementMap":{"0":{"start":{"line":37,"column":9},"end":{"line":37,"column":14}},"1":{"start":{"line":37,"column":16},"end":{"line":37,"column":29}},"2":{"start":{"line":1,"column":23},"end":{"line":1,"column":null}},"3":{"start":{"line":2,"column":21},"end":{"line":2,"column":null}},"4":{"start":{"line":3,"column":39},"end":{"line":3,"column":null}},"5":{"start":{"line":5,"column":19},"end":{"line":5,"column":null}},"6":{"start":{"line":7,"column":22},"end":{"line":23,"column":null}},"7":{"start":{"line":32,"column":15},"end":{"line":32,"column":null}}},"fnMap":{"0":{"name":"Badge","decl":{"start":{"line":26,"column":9},"end":{"line":26,"column":15}},"loc":{"start":{"line":31,"column":92},"end":{"line":35,"column":null}}}},"branchMap":{"0":{"loc":{"start":{"line":29,"column":2},"end":{"line":29,"column":17}},"type":"default-arg","locations":[{"start":{"line":29,"column":12},"end":{"line":29,"column":17}}]},"1":{"loc":{"start":{"line":32,"column":15},"end":{"line":32,"column":null}},"type":"cond-expr","locations":[{"start":{"line":32,"column":25},"end":{"line":32,"column":29}},{"start":{"line":32,"column":32},"end":{"line":32,"column":null}}]}},"s":{"0":124,"1":0,"2":1,"3":1,"4":1,"5":1,"6":1,"7":124},"f":{"0":124},"b":{"0":[124],"1":[0,124]}}
,"/home/matheo/Portfolio_V2/components/ui/button.tsx": {"path":"/home/matheo/Portfolio_V2/components/ui/button.tsx","statementMap":{"0":{"start":{"line":56,"column":9},"end":{"line":56,"column":15}},"1":{"start":{"line":56,"column":17},"end":{"line":56,"column":31}},"2":{"start":{"line":1,"column":23},"end":{"line":1,"column":null}},"3":{"start":{"line":2,"column":21},"end":{"line":2,"column":null}},"4":{"start":{"line":3,"column":39},"end":{"line":3,"column":null}},"5":{"start":{"line":5,"column":19},"end":{"line":5,"column":null}},"6":{"start":{"line":7,"column":23},"end":{"line":32,"column":null}},"7":{"start":{"line":45,"column":15},"end":{"line":45,"column":null}}},"fnMap":{"0":{"name":"Button","decl":{"start":{"line":35,"column":9},"end":{"line":35,"column":16}},"loc":{"start":{"line":44,"column":3},"end":{"line":54,"column":null}}}},"branchMap":{"0":{"loc":{"start":{"line":39,"column":2},"end":{"line":39,"column":17}},"type":"default-arg","locations":[{"start":{"line":39,"column":12},"end":{"line":39,"column":17}}]},"1":{"loc":{"start":{"line":45,"column":15},"end":{"line":45,"column":null}},"type":"cond-expr","locations":[{"start":{"line":45,"column":25},"end":{"line":45,"column":29}},{"start":{"line":45,"column":32},"end":{"line":45,"column":null}}]}},"s":{"0":19,"1":0,"2":1,"3":1,"4":1,"5":1,"6":1,"7":19},"f":{"0":19},"b":{"0":[2],"1":[17,2]}}
,"/home/matheo/Portfolio_V2/components/ui/card.tsx": {"path":"/home/matheo/Portfolio_V2/components/ui/card.tsx","statementMap":{"0":{"start":{"line":75,"column":9},"end":{"line":75,"column":13}},"1":{"start":{"line":75,"column":50},"end":{"line":75,"column":60}},"2":{"start":{"line":75,"column":79},"end":{"line":75,"column":90}},"3":{"start":{"line":75,"column":62},"end":{"line":75,"column":77}},"4":{"start":{"line":75,"column":27},"end":{"line":75,"column":37}},"5":{"start":{"line":75,"column":15},"end":{"line":75,"column":25}},"6":{"start":{"line":75,"column":39},"end":{"line":75,"column":48}},"7":{"start":{"line":1,"column":23},"end":{"line":1,"column":null}},"8":{"start":{"line":3,"column":19},"end":{"line":3,"column":null}}},"fnMap":{"0":{"name":"Card","decl":{"start":{"line":5,"column":9},"end":{"line":5,"column":14}},"loc":{"start":{"line":5,"column":66},"end":{"line":16,"column":null}}},"1":{"name":"CardHeader","decl":{"start":{"line":18,"column":9},"end":{"line":18,"column":20}},"loc":{"start":{"line":18,"column":72},"end":{"line":29,"column":null}}},"2":{"name":"CardTitle","decl":{"start":{"line":31,"column":9},"end":{"line":31,"column":19}},"loc":{"start":{"line":31,"column":71},"end":{"line":39,"column":null}}},"3":{"name":"CardDescription","decl":{"start":{"line":41,"column":9},"end":{"line":41,"column":25}},"loc":{"start":{"line":41,"column":77},"end":{"line":49,"column":null}}},"4":{"name":"CardAction","decl":{"start":{"line":51,"column":9},"end":{"line":51,"column":20}},"loc":{"start":{"line":51,"column":72},"end":{"line":59,"column":null}}},"5":{"name":"CardContent","decl":{"start":{"line":61,"column":9},"end":{"line":61,"column":21}},"loc":{"start":{"line":61,"column":73},"end":{"line":63,"column":null}}},"6":{"name":"CardFooter","decl":{"start":{"line":65,"column":9},"end":{"line":65,"column":20}},"loc":{"start":{"line":65,"column":72},"end":{"line":73,"column":null}}}},"branchMap":{},"s":{"0":26,"1":0,"2":20,"3":18,"4":0,"5":24,"6":24,"7":1,"8":1},"f":{"0":26,"1":24,"2":24,"3":18,"4":0,"5":20,"6":0},"b":{}}
,"/home/matheo/Portfolio_V2/components/ui/dialog.tsx": {"path":"/home/matheo/Portfolio_V2/components/ui/dialog.tsx","statementMap":{"0":{"start":{"line":119,"column":2},"end":{"line":119,"column":8}},"1":{"start":{"line":120,"column":2},"end":{"line":120,"column":13}},"2":{"start":{"line":121,"column":2},"end":{"line":121,"column":15}},"3":{"start":{"line":122,"column":2},"end":{"line":122,"column":19}},"4":{"start":{"line":123,"column":2},"end":{"line":123,"column":14}},"5":{"start":{"line":124,"column":2},"end":{"line":124,"column":14}},"6":{"start":{"line":125,"column":2},"end":{"line":125,"column":15}},"7":{"start":{"line":126,"column":2},"end":{"line":126,"column":14}},"8":{"start":{"line":127,"column":2},"end":{"line":127,"column":13}},"9":{"start":{"line":128,"column":2},"end":{"line":128,"column":15}},"10":{"start":{"line":3,"column":23},"end":{"line":3,"column":null}},"11":{"start":{"line":4,"column":33},"end":{"line":4,"column":null}},"12":{"start":{"line":5,"column":22},"end":{"line":5,"column":null}},"13":{"start":{"line":7,"column":19},"end":{"line":7,"column":null}}},"fnMap":{"0":{"name":"Dialog","decl":{"start":{"line":9,"column":9},"end":{"line":9,"column":16}},"loc":{"start":{"line":9,"column":79},"end":{"line":11,"column":null}}},"1":{"name":"DialogTrigger","decl":{"start":{"line":13,"column":9},"end":{"line":13,"column":23}},"loc":{"start":{"line":13,"column":89},"end":{"line":15,"column":null}}},"2":{"name":"DialogPortal","decl":{"start":{"line":17,"column":9},"end":{"line":17,"column":22}},"loc":{"start":{"line":17,"column":87},"end":{"line":19,"column":null}}},"3":{"name":"DialogClose","decl":{"start":{"line":21,"column":9},"end":{"line":21,"column":21}},"loc":{"start":{"line":21,"column":85},"end":{"line":23,"column":null}}},"4":{"name":"DialogOverlay","decl":{"start":{"line":25,"column":9},"end":{"line":25,"column":23}},"loc":{"start":{"line":28,"column":55},"end":{"line":39,"column":null}}},"5":{"name":"DialogContent","decl":{"start":{"line":41,"column":9},"end":{"line":41,"column":23}},"loc":{"start":{"line":48,"column":1},"end":{"line":73,"column":null}}},"6":{"name":"DialogHeader","decl":{"start":{"line":75,"column":9},"end":{"line":75,"column":22}},"loc":{"start":{"line":75,"column":74},"end":{"line":83,"column":null}}},"7":{"name":"DialogFooter","decl":{"start":{"line":85,"column":9},"end":{"line":85,"column":22}},"loc":{"start":{"line":85,"column":74},"end":{"line":93,"column":null}}},"8":{"name":"DialogTitle","decl":{"start":{"line":95,"column":9},"end":{"line":95,"column":21}},"loc":{"start":{"line":95,"column":96},"end":{"line":103,"column":null}}},"9":{"name":"DialogDescription","decl":{"start":{"line":105,"column":9},"end":{"line":105,"column":27}},"loc":{"start":{"line":108,"column":59},"end":{"line":116,"column":null}}}},"branchMap":{"0":{"loc":{"start":{"line":44,"column":2},"end":{"line":44,"column":24}},"type":"default-arg","locations":[{"start":{"line":44,"column":20},"end":{"line":44,"column":24}}]},"1":{"loc":{"start":{"line":61,"column":9},"end":{"line":61,"column":null}},"type":"binary-expr","locations":[{"start":{"line":61,"column":9},"end":{"line":61,"column":null}}]}},"s":{"0":0,"1":0,"2":0,"3":0,"4":0,"5":0,"6":0,"7":0,"8":0,"9":0,"10":1,"11":1,"12":1,"13":1},"f":{"0":0,"1":0,"2":0,"3":0,"4":0,"5":0,"6":0,"7":0,"8":0,"9":0},"b":{"0":[0],"1":[0]}}
,"/home/matheo/Portfolio_V2/lib/utils.ts": {"path":"/home/matheo/Portfolio_V2/lib/utils.ts","statementMap":{"0":{"start":{"line":4,"column":16},"end":{"line":4,"column":19}},"1":{"start":{"line":1,"column":38},"end":{"line":1,"column":null}},"2":{"start":{"line":2,"column":24},"end":{"line":2,"column":null}},"3":{"start":{"line":5,"column":2},"end":{"line":5,"column":null}}},"fnMap":{"0":{"name":"cn","decl":{"start":{"line":4,"column":16},"end":{"line":4,"column":19}},"loc":{"start":{"line":4,"column":42},"end":{"line":6,"column":null}}}},"branchMap":{},"s":{"0":255,"1":1,"2":1,"3":255},"f":{"0":255},"b":{}}
}
