TN:
SF:app/layout.tsx
FN:32,RootLayout
FNF:1
FNH:0
FNDA:0,RootLayout
DA:3,0
DA:4,0
DA:5,0
DA:6,0
DA:7,0
DA:9,0
DA:16,0
DA:23,0
DA:32,0
LF:9
LH:0
BRF:0
BRH:0
end_of_record
TN:
SF:app/page.tsx
FN:32,DevOpsPortfolio
FN:69,(anonymous_3)
FN:84,(anonymous_4)
FN:279,(anonymous_5)
FN:298,(anonymous_6)
FN:484,(anonymous_7)
FN:510,(anonymous_8)
FN:567,(anonymous_9)
FN:591,(anonymous_10)
FN:631,(anonymous_11)
FN:694,(anonymous_12)
FN:699,(anonymous_13)
FN:766,(anonymous_14)
FNF:13
FNH:9
FNDA:1,DevOpsPortfolio
FNDA:0,(anonymous_3)
FNDA:0,(anonymous_4)
FNDA:6,(anonymous_5)
FNDA:41,(anonymous_6)
FNDA:10,(anonymous_7)
FNDA:78,(anonymous_8)
FNDA:2,(anonymous_9)
FNDA:7,(anonymous_10)
FNDA:3,(anonymous_11)
FNDA:3,(anonymous_12)
FNDA:0,(anonymous_13)
FNDA:0,(anonymous_14)
DA:3,1
DA:4,1
DA:5,1
DA:6,1
DA:7,1
DA:8,1
DA:24,1
DA:25,1
DA:26,1
DA:27,1
DA:28,1
DA:29,1
DA:30,1
DA:32,1
DA:33,1
DA:34,1
DA:35,1
DA:40,1
DA:69,1
DA:70,0
DA:74,0
DA:84,0
DA:280,6
DA:299,41
DA:485,10
DA:511,78
DA:568,2
DA:592,7
DA:632,3
DA:695,3
DA:699,0
DA:766,0
LF:32
LH:27
BRDA:89,0,0,1
BRDA:89,0,1,1
BRDA:497,1,0,1
BRDA:497,1,1,9
BRDA:763,2,0,1
BRF:5
BRH:5
end_of_record
TN:
SF:app/cv/page.tsx
FN:25,CVPage
FN:198,(anonymous_3)
FN:209,(anonymous_4)
FN:225,(anonymous_5)
FN:249,(anonymous_6)
FN:253,(anonymous_7)
FN:272,(anonymous_8)
FN:286,(anonymous_9)
FNF:8
FNH:0
FNDA:0,CVPage
FNDA:0,(anonymous_3)
FNDA:0,(anonymous_4)
FNDA:0,(anonymous_5)
FNDA:0,(anonymous_6)
FNDA:0,(anonymous_7)
FNDA:0,(anonymous_8)
FNDA:0,(anonymous_9)
DA:3,0
DA:4,0
DA:5,0
DA:6,0
DA:20,0
DA:21,0
DA:22,0
DA:23,0
DA:25,0
DA:26,0
DA:199,0
DA:210,0
DA:226,0
DA:250,0
DA:254,0
DA:273,0
DA:287,0
LF:17
LH:0
BRF:0
BRH:0
end_of_record
TN:
SF:app/projects/bot-trading/page.tsx
FN:8,BotTradingProject
FN:58,(anonymous_3)
FNF:2
FNH:0
FNDA:0,BotTradingProject
FNDA:0,(anonymous_3)
DA:1,0
DA:2,0
DA:3,0
DA:4,0
DA:5,0
DA:6,0
DA:8,0
DA:59,0
LF:8
LH:0
BRF:0
BRH:0
end_of_record
TN:
SF:app/projects/breezy/page.tsx
FN:8,BreezyProject
FN:61,(anonymous_3)
FNF:2
FNH:0
FNDA:0,BreezyProject
FNDA:0,(anonymous_3)
DA:1,0
DA:2,0
DA:3,0
DA:4,0
DA:5,0
DA:6,0
DA:8,0
DA:62,0
LF:8
LH:0
BRF:0
BRH:0
end_of_record
TN:
SF:app/projects/easysave/page.tsx
FN:8,EasySaveProject
FN:60,(anonymous_3)
FNF:2
FNH:0
FNDA:0,EasySaveProject
FNDA:0,(anonymous_3)
DA:1,0
DA:2,0
DA:3,0
DA:4,0
DA:5,0
DA:6,0
DA:8,0
DA:61,0
LF:8
LH:0
BRF:0
BRH:0
end_of_record
TN:
SF:app/projects/media-server/page.tsx
FN:8,MediaServerProject
FN:59,(anonymous_3)
FNF:2
FNH:0
FNDA:0,MediaServerProject
FNDA:0,(anonymous_3)
DA:1,0
DA:2,0
DA:3,0
DA:4,0
DA:5,0
DA:6,0
DA:8,0
DA:60,0
LF:8
LH:0
BRF:0
BRH:0
end_of_record
TN:
SF:app/projects/openstack/page.tsx
FN:8,OpenStackProject
FN:56,(anonymous_3)
FNF:2
FNH:0
FNDA:0,OpenStackProject
FNDA:0,(anonymous_3)
DA:1,0
DA:2,0
DA:3,0
DA:4,0
DA:5,0
DA:6,0
DA:8,0
DA:57,0
LF:8
LH:0
BRF:0
BRH:0
end_of_record
TN:
SF:app/projects/password-management/page.tsx
FN:8,PasswordManagementProject
FN:59,(anonymous_3)
FNF:2
FNH:0
FNDA:0,PasswordManagementProject
FNDA:0,(anonymous_3)
DA:1,0
DA:2,0
DA:3,0
DA:4,0
DA:5,0
DA:6,0
DA:8,0
DA:60,0
LF:8
LH:0
BRF:0
BRH:0
end_of_record
TN:
SF:app/projects/pentesting/page.tsx
FN:8,PentestingProject
FN:55,(anonymous_3)
FNF:2
FNH:0
FNDA:0,PentestingProject
FNDA:0,(anonymous_3)
DA:1,0
DA:2,0
DA:3,0
DA:4,0
DA:5,0
DA:6,0
DA:8,0
DA:56,0
LF:8
LH:0
BRF:0
BRH:0
end_of_record
TN:
SF:app/projects/python-data/page.tsx
FN:8,PythonDataProject
FN:55,(anonymous_3)
FNF:2
FNH:0
FNDA:0,PythonDataProject
FNDA:0,(anonymous_3)
DA:1,0
DA:2,0
DA:3,0
DA:4,0
DA:5,0
DA:6,0
DA:8,0
DA:56,0
LF:8
LH:0
BRF:0
BRH:0
end_of_record
TN:
SF:app/projects/route-optimization/page.tsx
FN:8,RouteOptimizationProject
FN:58,(anonymous_3)
FNF:2
FNH:0
FNDA:0,RouteOptimizationProject
FNDA:0,(anonymous_3)
DA:1,0
DA:2,0
DA:3,0
DA:4,0
DA:5,0
DA:6,0
DA:8,0
DA:59,0
LF:8
LH:0
BRF:0
BRH:0
end_of_record
TN:
SF:app/projects/security/page.tsx
FN:8,SecurityProject
FN:57,(anonymous_3)
FNF:2
FNH:0
FNDA:0,SecurityProject
FNDA:0,(anonymous_3)
DA:1,0
DA:2,0
DA:3,0
DA:4,0
DA:5,0
DA:6,0
DA:8,0
DA:58,0
LF:8
LH:0
BRF:0
BRH:0
end_of_record
TN:
SF:components/animated-background.tsx
FN:5,AnimatedBackground
FN:18,(anonymous_2)
FN:20,(anonymous_3)
FN:31,(anonymous_4)
FN:32,(anonymous_5)
FN:33,(anonymous_6)
FN:54,(anonymous_7)
FN:66,(anonymous_8)
FNF:8
FNH:5
FNDA:2,AnimatedBackground
FNDA:1,(anonymous_2)
FNDA:20,(anonymous_3)
FNDA:0,(anonymous_4)
FNDA:0,(anonymous_5)
FNDA:0,(anonymous_6)
FNDA:1,(anonymous_7)
FNDA:20,(anonymous_8)
DA:3,1
DA:5,1
DA:6,2
DA:18,2
DA:20,20
DA:29,1
DA:31,1
DA:32,0
DA:33,0
DA:34,0
DA:35,0
DA:38,0
DA:39,0
DA:41,0
DA:42,0
DA:44,0
DA:53,1
DA:54,1
DA:67,20
LF:19
LH:10
BRDA:38,0,0,0
BRDA:38,0,1,0
BRDA:39,1,0,0
BRDA:39,1,1,0
BRDA:41,2,0,0
BRDA:41,2,1,0
BRDA:42,3,0,0
BRDA:42,3,1,0
BRF:8
BRH:0
end_of_record
TN:
SF:components/mouse-follower.tsx
FN:6,MouseFollower
FN:10,(anonymous_2)
FN:11,(anonymous_3)
FN:17,(anonymous_4)
FNF:4
FNH:3
FNDA:1,MouseFollower
FNDA:1,(anonymous_2)
FNDA:0,(anonymous_3)
FNDA:1,(anonymous_4)
DA:3,1
DA:4,1
DA:6,1
DA:7,1
DA:8,1
DA:10,1
DA:11,1
DA:12,0
DA:15,1
DA:17,1
DA:18,1
LF:11
LH:10
BRDA:26,0,0,0
BRDA:26,0,1,1
BRDA:37,1,0,0
BRDA:37,1,1,1
BRF:4
BRH:2
end_of_record
TN:
SF:components/photo-gallery.tsx
FN:18,PhotoGallery
FN:29,(anonymous_3)
FNF:2
FNH:0
FNDA:0,PhotoGallery
FNDA:0,(anonymous_3)
DA:3,1
DA:4,1
DA:18,0
DA:30,0
LF:4
LH:2
BRDA:35,0,0,0
BRDA:35,0,1,0
BRF:2
BRH:0
end_of_record
TN:
SF:components/theme-provider.tsx
FN:6,ThemeProvider
FNF:1
FNH:0
FNDA:0,ThemeProvider
DA:3,0
DA:4,0
DA:6,0
LF:3
LH:0
BRF:0
BRH:0
end_of_record
TN:
SF:components/theme-toggle.tsx
FN:8,ThemeToggle
FN:12,(anonymous_2)
FN:24,(anonymous_3)
FNF:3
FNH:2
FNDA:2,ThemeToggle
FNDA:1,(anonymous_2)
FNDA:0,(anonymous_3)
DA:3,1
DA:4,1
DA:5,1
DA:6,1
DA:8,1
DA:9,2
DA:10,2
DA:12,2
DA:13,1
DA:16,2
DA:17,1
DA:24,0
LF:12
LH:11
BRDA:16,0,0,1
BRDA:16,0,1,1
BRDA:24,1,0,0
BRDA:24,1,1,0
BRF:4
BRH:2
end_of_record
TN:
SF:components/typing-animation.tsx
FN:11,TypingAnimation
FN:16,(anonymous_2)
FN:18,(anonymous_3)
FN:19,(anonymous_4)
FN:20,(anonymous_5)
FN:23,(anonymous_6)
FN:27,(anonymous_7)
FN:28,(anonymous_8)
FN:29,(anonymous_9)
FN:32,(anonymous_10)
FNF:10
FNH:5
FNDA:1,TypingAnimation
FNDA:1,(anonymous_2)
FNDA:0,(anonymous_3)
FNDA:0,(anonymous_4)
FNDA:0,(anonymous_5)
FNDA:1,(anonymous_6)
FNDA:1,(anonymous_7)
FNDA:0,(anonymous_8)
FNDA:0,(anonymous_9)
FNDA:1,(anonymous_10)
DA:3,1
DA:11,1
DA:12,1
DA:13,1
DA:14,1
DA:16,1
DA:17,1
DA:18,1
DA:19,0
DA:20,0
DA:23,1
DA:27,1
DA:28,1
DA:29,0
DA:32,1
LF:15
LH:12
BRDA:11,0,0,0
BRDA:11,1,0,0
BRDA:17,2,0,1
BRDA:17,2,1,0
BRDA:39,3,0,1
BRDA:39,3,1,0
BRF:6
BRH:2
end_of_record
TN:
SF:components/weather-widget.tsx
FN:16,WeatherWidget
FN:22,(anonymous_2)
FN:23,(anonymous_3)
FN:27,(anonymous_4)
FN:37,(anonymous_5)
FN:90,(anonymous_6)
FN:119,(anonymous_7)
FN:125,(anonymous_8)
FN:156,(anonymous_9)
FN:164,(anonymous_10)
FNF:10
FNH:6
FNDA:2,WeatherWidget
FNDA:1,(anonymous_2)
FNDA:0,(anonymous_3)
FNDA:1,(anonymous_4)
FNDA:0,(anonymous_5)
FNDA:0,(anonymous_6)
FNDA:1,(anonymous_7)
FNDA:0,(anonymous_8)
FNDA:2,(anonymous_9)
FNDA:2,(anonymous_10)
DA:3,1
DA:4,1
DA:5,1
DA:16,1
DA:17,2
DA:18,2
DA:19,2
DA:20,2
DA:22,2
DA:23,1
DA:24,0
DA:27,1
DA:28,1
DA:29,1
DA:30,1
DA:31,1
DA:32,1
DA:35,0
DA:37,0
DA:38,0
DA:44,0
DA:47,0
DA:51,0
DA:52,0
DA:55,0
DA:57,0
DA:88,0
DA:89,0
DA:90,0
DA:93,0
DA:98,0
DA:106,0
DA:108,0
DA:110,0
DA:114,1
DA:117,1
DA:119,1
DA:120,1
DA:121,1
DA:125,2
DA:126,0
DA:156,2
DA:157,2
DA:164,2
DA:165,2
LF:45
LH:26
BRDA:28,0,0,1
BRDA:28,0,1,0
BRDA:51,1,0,0
BRDA:51,1,1,0
BRDA:93,2,0,0
BRDA:93,2,1,0
BRDA:126,3,0,0
BRDA:126,3,1,0
BRDA:126,3,2,0
BRDA:126,3,3,0
BRDA:126,3,4,0
BRDA:126,3,5,0
BRDA:126,3,6,0
BRDA:126,3,7,0
BRDA:126,3,8,0
BRDA:126,3,9,0
BRDA:126,3,10,0
BRDA:126,3,11,0
BRDA:186,4,0,1
BRDA:188,5,0,0
BRDA:211,6,0,0
BRF:21
BRH:2
end_of_record
TN:
SF:components/ui/badge.tsx
FN:26,Badge
FNF:1
FNH:1
FNDA:124,Badge
DA:1,1
DA:2,1
DA:3,1
DA:5,1
DA:7,1
DA:32,124
DA:37,124
LF:7
LH:7
BRDA:29,0,0,124
BRDA:32,1,0,0
BRDA:32,1,1,124
BRF:3
BRH:2
end_of_record
TN:
SF:components/ui/button.tsx
FN:35,Button
FNF:1
FNH:1
FNDA:19,Button
DA:1,1
DA:2,1
DA:3,1
DA:5,1
DA:7,1
DA:45,19
DA:56,19
LF:7
LH:7
BRDA:39,0,0,2
BRDA:45,1,0,17
BRDA:45,1,1,2
BRF:3
BRH:3
end_of_record
TN:
SF:components/ui/card.tsx
FN:5,Card
FN:18,CardHeader
FN:31,CardTitle
FN:41,CardDescription
FN:51,CardAction
FN:61,CardContent
FN:65,CardFooter
FNF:7
FNH:5
FNDA:26,Card
FNDA:24,CardHeader
FNDA:24,CardTitle
FNDA:18,CardDescription
FNDA:0,CardAction
FNDA:20,CardContent
FNDA:0,CardFooter
DA:1,1
DA:3,1
DA:75,26
LF:3
LH:3
BRF:0
BRH:0
end_of_record
TN:
SF:components/ui/dialog.tsx
FN:9,Dialog
FN:13,DialogTrigger
FN:17,DialogPortal
FN:21,DialogClose
FN:25,DialogOverlay
FN:41,DialogContent
FN:75,DialogHeader
FN:85,DialogFooter
FN:95,DialogTitle
FN:105,DialogDescription
FNF:10
FNH:0
FNDA:0,Dialog
FNDA:0,DialogTrigger
FNDA:0,DialogPortal
FNDA:0,DialogClose
FNDA:0,DialogOverlay
FNDA:0,DialogContent
FNDA:0,DialogHeader
FNDA:0,DialogFooter
FNDA:0,DialogTitle
FNDA:0,DialogDescription
DA:3,1
DA:4,1
DA:5,1
DA:7,1
DA:119,0
DA:120,0
DA:121,0
DA:122,0
DA:123,0
DA:124,0
DA:125,0
DA:126,0
DA:127,0
DA:128,0
LF:14
LH:4
BRDA:44,0,0,0
BRDA:61,1,0,0
BRF:2
BRH:0
end_of_record
TN:
SF:lib/utils.ts
FN:4,cn
FNF:1
FNH:1
FNDA:255,cn
DA:1,1
DA:2,1
DA:4,255
DA:5,255
LF:4
LH:4
BRF:0
BRH:0
end_of_record
